<?xml version="1.0" encoding="UTF-8"?>
<!-- Generated by org.testng.reporters.JUnitReportReporter -->
<testsuite skipped="1" hostname="MacBook-Pro.local" name="bdd.amazon.runner.AmazonTestRunner" tests="1" failures="0" timestamp="2022-08-01T18:39:04 EDT" time="11.977" errors="0">
  <testcase name="runScenario" time="11.977" classname="bdd.amazon.runner.AmazonTestRunner">
    <skipped/>
  </testcase> <!-- runScenario -->
  <system-out/>
</testsuite> <!-- bdd.amazon.runner.AmazonTestRunner -->
