<?xml version="1.0" encoding="UTF-8"?>
<!-- Generated by org.testng.reporters.JUnitReportReporter -->
<testsuite skipped="0" hostname="MacBook-Pro.local" name="bdd.amazon.runner.AmazonTestRunner" tests="10" failures="0" timestamp="2022-08-13T06:18:09 EDT" time="214.245" errors="0">
  <testcase name="runScenario" time="15.183" classname="bdd.amazon.runner.AmazonTestRunner"/>
  <system-out/>
  <testcase name="runScenario" time="17.908" classname="bdd.amazon.runner.AmazonTestRunner"/>
  <system-out/>
  <testcase name="runScenario" time="16.337" classname="bdd.amazon.runner.AmazonTestRunner"/>
  <system-out/>
  <testcase name="runScenario" time="14.857" classname="bdd.amazon.runner.AmazonTestRunner"/>
  <system-out/>
  <testcase name="runScenario" time="9.773" classname="bdd.amazon.runner.AmazonTestRunner"/>
  <system-out/>
  <testcase name="runScenario" time="12.032" classname="bdd.amazon.runner.AmazonTestRunner"/>
  <system-out/>
  <testcase name="runScenario" time="34.878" classname="bdd.amazon.runner.AmazonTestRunner"/>
  <system-out/>
  <testcase name="runScenario" time="33.273" classname="bdd.amazon.runner.AmazonTestRunner"/>
  <system-out/>
  <testcase name="runScenario" time="34.997" classname="bdd.amazon.runner.AmazonTestRunner"/>
  <system-out/>
  <testcase name="runScenario" time="25.007" classname="bdd.amazon.runner.AmazonTestRunner"/>
  <system-out/>
</testsuite> <!-- bdd.amazon.runner.AmazonTestRunner -->
